<?xml version="1.0" encoding="UTF-8"?>
<!-- Generated by org.testng.reporters.JUnitReportReporter -->
<testsuite hostname="DESKTOP-M8MOJ3U" failures="0" tests="1" name="saleforceproject.DeleteTask" time="44.793" errors="0" timestamp="2023-06-29T14:47:58 IST" skipped="0">
  <testcase classname="saleforceproject.DeleteTask" name="DeleteTask1" time="44.793"/>
  <system-out/>
</testsuite> <!-- saleforceproject.DeleteTask -->
